2016-12-08 09:40:17.5241 TRACE _11NLog.Program.Main Enter...
2016-12-08 09:40:17.5611 DEBUG _11NLog.Program.Main Nu kaldes Test1!
2016-12-08 09:40:17.5671 TRACE _11NLog.Program.Test1 Enter i, x 5, 7
2016-12-08 09:40:20.5726 TRACE _11NLog.Program.Test1 Exit...
2016-12-08 09:40:20.5726 DEBUG _11NLog.Program.Main Retur fra Test1
2016-12-08 09:40:20.5856 DEBUG _11NLog.Program.Main Nu kaldes Test2!
2016-12-08 09:40:20.6106 DEBUG _11NLog.Program.Main Retur fra Test2
2016-12-08 09:40:20.6176 TRACE _11NLog.Program.Main Exit...
2016-12-08 09:40:52.9703 TRACE _11NLog.Program.Main Enter...
2016-12-08 09:40:52.9863 DEBUG _11NLog.Program.Main Nu kaldes Test1!
2016-12-08 09:40:52.9903 TRACE _11NLog.Program.Test1 Enter i, x 5, 7
2016-12-08 09:40:55.9943 TRACE _11NLog.Program.Test1 Exit...
2016-12-08 09:40:55.9943 DEBUG _11NLog.Program.Main Retur fra Test1
2016-12-08 09:40:56.0063 DEBUG _11NLog.Program.Main Nu kaldes Test2!
2016-12-08 09:40:56.0283 DEBUG _11NLog.Program.Main Retur fra Test2
2016-12-08 09:40:56.0283 TRACE _11NLog.Program.Main Exit...
2016-12-08 09:44:59.1289 TRACE _11NLog.Program.Main ...Enter...
2016-12-08 09:44:59.1449 DEBUG _11NLog.Program.Main Nu kaldes Test1!
2016-12-08 09:44:59.1449 TRACE _11NLog.Program.Test1 Enter i, x 5, 7
2016-12-08 09:45:02.1541 TRACE _11NLog.Program.Test1 ...Exit...
2016-12-08 09:45:02.1541 DEBUG _11NLog.Program.Main Retur fra Test1
2016-12-08 09:45:02.1541 DEBUG _11NLog.Program.Main Nu kaldes Test2!
2016-12-08 09:45:02.1751 TRACE _11NLog.Program.Test2 ...Enter...
2016-12-08 09:45:02.1911 ERROR _11NLog.Program.Test2 System.ApplicationException: fejl
   at _11NLog.Program.Test2() in C:\Users\admin\Source\Repos\Opgaver\Opgaver\NLog\Program.cs:line 37
2016-12-08 09:45:02.1911 TRACE _11NLog.Program.Test2 ...Exit...
2016-12-08 09:45:02.1911 DEBUG _11NLog.Program.Main Retur fra Test2
2016-12-08 09:45:02.2031 TRACE _11NLog.Program.Main ...Exit...
2016-12-08 09:46:33.4753 ERROR _11NLog.Program.Test2 System.ApplicationException: fejl
   at _11NLog.Program.Test2() in C:\Users\admin\Source\Repos\Opgaver\Opgaver\NLog\Program.cs:line 37
2016-12-08 09:49:18.5442 ERROR _11NLog.Program.Test2 System.ApplicationException: fejl
   at _11NLog.Program.Test2() in C:\Users\admin\Source\Repos\Opgaver\Opgaver\NLog\Program.cs:line 37
